<?xml version="1.0" encoding="UTF-8"?>
<testsuite name="com.example.training.task.TaskServiceTest" tests="5" skipped="0" failures="0" errors="0" timestamp="2026-07-15T04:32:12.142Z" hostname="DESKTOP-F4OU2PR" time="1.1">
  <properties/>
  <testcase name="update_存在しないとき例外_updateは呼ばれない()" classname="com.example.training.task.TaskServiceTest" time="1.072"/>
  <testcase name="create_insertが呼ばれ採番後のタスクを返す()" classname="com.example.training.task.TaskServiceTest" time="0.008"/>
  <testcase name="findById_存在しないとき例外()" classname="com.example.training.task.TaskServiceTest" time="0.004"/>
  <testcase name="findById_存在するときタスクを返す()" classname="com.example.training.task.TaskServiceTest" time="0.004"/>
  <testcase name="delete_削除件数0なら例外()" classname="com.example.training.task.TaskServiceTest" time="0.004"/>
  <system-out><![CDATA[]]></system-out>
  <system-err><![CDATA[WARNING: A Java agent has been loaded dynamically (/home/luka/.gradle/caches/modules-2/files-2.1/net.bytebuddy/byte-buddy-agent/1.14.19/154da3a65b4f4a909d3e5bdec55d1b2b4cbb6ce1/byte-buddy-agent-1.14.19.jar)
WARNING: If a serviceability tool is in use, please run with -XX:+EnableDynamicAgentLoading to hide this warning
WARNING: If a serviceability tool is not in use, please run with -Djdk.instrument.traceUsage for more information
WARNING: Dynamic loading of agents will be disallowed by default in a future release
]]></system-err>
</testsuite>
